<?xml version="1.0" encoding="UTF-8"?>
<testsuite xmlns:xsi="http://www.w3.org/2001/XMLSchema-instance" xsi:noNamespaceSchemaLocation="https://maven.apache.org/surefire/maven-surefire-plugin/xsd/surefire-test-report-3.0.xsd" version="3.0" name="TestSuite" time="265.659" tests="15" errors="0" skipped="0" failures="0">
  <properties>
[...]
</properties>
  <testcase name="createNoteApiTest" classname="org.example.framework.tests.api.CreateNoteApiTest" time="6.63">
    <system-out><![CDATA[Execution Started
Execution Started
Execution Started
]]></system-out>
    <system-err><![CDATA[SLF4J(W): No SLF4J providers were found.
SLF4J(W): Defaulting to no-operation (NOP) logger implementation
SLF4J(W): See https://www.slf4j.org/codes.html#noProviders for further details.
ERROR StatusLogger Log4j2 could not find a logging implementation. Please add log4j-core to the classpath. Using SimpleLogger to log to the console...
May 25, 2026 11:19:33 AM org.openqa.selenium.devtools.CdpVersionFinder findNearestMatch
WARNING: Unable to find CDP implementation matching 148
May 25, 2026 11:19:33 AM org.openqa.selenium.devtools.CdpVersionFinder findNearestMatch
WARNING: Unable to find CDP implementation matching 148
May 25, 2026 11:19:33 AM org.openqa.selenium.chromium.ChromiumDriver lambda$new$5
WARNING: Unable to find version of CDP to use for 148.0.7778.179. You may need to include a dependency on a specific version of the CDP using something similar to `org.seleniumhq.selenium:selenium-devtools-v86:4.21.0` where the version ("v86") matches the version of the chromium-based browser you're using and the version number of the artifact is the same as Selenium's.
May 25, 2026 11:19:33 AM org.openqa.selenium.chromium.ChromiumDriver lambda$new$5
WARNING: Unable to find version of CDP to use for 148.0.7778.179. You may need to include a dependency on a specific version of the CDP using something similar to `org.seleniumhq.selenium:selenium-devtools-v86:4.21.0` where the version ("v86") matches the version of the chromium-based browser you're using and the version number of the artifact is the same as Selenium's.
]]></system-err>
  </testcase>
  <testcase name="createNoteEmptyTitleTest" classname="org.example.framework.tests.api.CreateNoteApiTest" time="1.059"/>
  <testcase name="fetchNoteApiTest" classname="org.example.framework.tests.api.FetchNoteApiTest" time="1.192"/>
  <testcase name="fetchNotesWithoutTokenTest" classname="org.example.framework.tests.api.FetchNoteApiTest" time="0.453"/>
  <testcase name="deleteNonExistentNoteTest" classname="org.example.framework.tests.api.DeleteNoteApiTest" time="1.066"/>
  <testcase name="deleteNoteApiTest" classname="org.example.framework.tests.api.DeleteNoteApiTest" time="0.136"/>
  <testcase name="loginTest[apple1@gmail.com, 1apple, pass](1)" classname="org.example.framework.tests.ui.LoginTest" time="0.755">
    <system-out><![CDATA[Execution Finished | Passed: 6 | Failed: 0 | Skipped: 0
]]></system-out>
  </testcase>
  <testcase name="loginTest[apple1@gmail.com, wrong123, fail](2)" classname="org.example.framework.tests.ui.LoginTest" time="3.203">
    <system-err><![CDATA[May 25, 2026 11:19:44 AM org.openqa.selenium.devtools.CdpVersionFinder findNearestMatch
WARNING: Unable to find CDP implementation matching 148
May 25, 2026 11:19:44 AM org.openqa.selenium.chromium.ChromiumDriver lambda$new$5
WARNING: Unable to find version of CDP to use for 148.0.7778.179. You may need to include a dependency on a specific version of the CDP using something similar to `org.seleniumhq.selenium:selenium-devtools-v86:4.21.0` where the version ("v86") matches the version of the chromium-based browser you're using and the version number of the artifact is the same as Selenium's.
]]></system-err>
  </testcase>
  <testcase name="loginTest[, , fail](3)" classname="org.example.framework.tests.ui.LoginTest" time="2.781">
    <system-out><![CDATA[Execution Finished | Passed: 1 | Failed: 0 | Skipped: 0
]]></system-out>
  </testcase>
  <testcase name="hybridTest" classname="org.example.framework.tests.e2e.HybridTest" time="21.406">
    <system-err><![CDATA[May 25, 2026 11:19:56 AM org.openqa.selenium.devtools.CdpVersionFinder findNearestMatch
WARNING: Unable to find CDP implementation matching 148
May 25, 2026 11:19:56 AM org.openqa.selenium.chromium.ChromiumDriver lambda$new$5
WARNING: Unable to find version of CDP to use for 148.0.7778.179. You may need to include a dependency on a specific version of the CDP using something similar to `org.seleniumhq.selenium:selenium-devtools-v86:4.21.0` where the version ("v86") matches the version of the chromium-based browser you're using and the version number of the artifact is the same as Selenium's.
]]></system-err>
  </testcase>
  <testcase name="createNoteTest[Home, Vegetables, Carrot, cabbage, tomato, pass](1)" classname="org.example.framework.tests.ui.CreateNoteTest" time="28.192">
    <system-err><![CDATA[May 25, 2026 11:20:35 AM org.openqa.selenium.devtools.CdpVersionFinder findNearestMatch
WARNING: Unable to find CDP implementation matching 148
May 25, 2026 11:20:35 AM org.openqa.selenium.chromium.ChromiumDriver lambda$new$5
WARNING: Unable to find version of CDP to use for 148.0.7778.179. You may need to include a dependency on a specific version of the CDP using something similar to `org.seleniumhq.selenium:selenium-devtools-v86:4.21.0` where the version ("v86") matches the version of the chromium-based browser you're using and the version number of the artifact is the same as Selenium's.
]]></system-err>
  </testcase>
  <testcase name="createNoteTest[Home, , I like ice-cream, fail](2)" classname="org.example.framework.tests.ui.CreateNoteTest" time="13.741">
    <system-err><![CDATA[May 25, 2026 11:21:11 AM org.openqa.selenium.devtools.CdpVersionFinder findNearestMatch
WARNING: Unable to find CDP implementation matching 148
May 25, 2026 11:21:11 AM org.openqa.selenium.chromium.ChromiumDriver lambda$new$5
WARNING: Unable to find version of CDP to use for 148.0.7778.179. You may need to include a dependency on a specific version of the CDP using something similar to `org.seleniumhq.selenium:selenium-devtools-v86:4.21.0` where the version ("v86") matches the version of the chromium-based browser you're using and the version number of the artifact is the same as Selenium's.
]]></system-err>
  </testcase>
  <testcase name="createNoteTest[Home, Grocery List, , fail](3)" classname="org.example.framework.tests.ui.CreateNoteTest" time="43.577">
    <system-err><![CDATA[May 25, 2026 11:21:32 AM org.openqa.selenium.devtools.CdpVersionFinder findNearestMatch
WARNING: Unable to find CDP implementation matching 148
May 25, 2026 11:21:32 AM org.openqa.selenium.chromium.ChromiumDriver lambda$new$5
WARNING: Unable to find version of CDP to use for 148.0.7778.179. You may need to include a dependency on a specific version of the CDP using something similar to `org.seleniumhq.selenium:selenium-devtools-v86:4.21.0` where the version ("v86") matches the version of the chromium-based browser you're using and the version number of the artifact is the same as Selenium's.
]]></system-err>
  </testcase>
  <testcase name="editExistingNoteTest" classname="org.example.framework.tests.ui.EditNoteTest" time="24.327">
    <system-err><![CDATA[May 25, 2026 11:22:24 AM org.openqa.selenium.devtools.CdpVersionFinder findNearestMatch
WARNING: Unable to find CDP implementation matching 148
May 25, 2026 11:22:24 AM org.openqa.selenium.chromium.ChromiumDriver lambda$new$5
WARNING: Unable to find version of CDP to use for 148.0.7778.179. You may need to include a dependency on a specific version of the CDP using something similar to `org.seleniumhq.selenium:selenium-devtools-v86:4.21.0` where the version ("v86") matches the version of the chromium-based browser you're using and the version number of the artifact is the same as Selenium's.
]]></system-err>
  </testcase>
  <testcase name="deleteExistingNoteTest" classname="org.example.framework.tests.ui.DeleteNoteTest" time="49.238">
    <system-err><![CDATA[May 25, 2026 11:22:56 AM org.openqa.selenium.devtools.CdpVersionFinder findNearestMatch
WARNING: Unable to find CDP implementation matching 148
May 25, 2026 11:22:56 AM org.openqa.selenium.chromium.ChromiumDriver lambda$new$5
WARNING: Unable to find version of CDP to use for 148.0.7778.179. You may need to include a dependency on a specific version of the CDP using something similar to `org.seleniumhq.selenium:selenium-devtools-v86:4.21.0` where the version ("v86") matches the version of the chromium-based browser you're using and the version number of the artifact is the same as Selenium's.
]]></system-err>
  </testcase>
</testsuite>