<?xml version="1.0" encoding="UTF-8"?>
<!-- Generated by org.testng.reporters.JUnitReportReporter -->
<testsuite hostname="Nilanjana" failures="0" tests="2" name="org.example.framework.tests.api.CreateNoteApiTest" time="7.579" errors="0" timestamp="2026-05-25T11:23:53 IST" skipped="0">
  <testcase classname="org.example.framework.tests.api.CreateNoteApiTest" name="createNoteApiTest" time="6.520"/>
  <testcase classname="org.example.framework.tests.api.CreateNoteApiTest" name="createNoteEmptyTitleTest" time="1.059"/>
</testsuite> <!-- org.example.framework.tests.api.CreateNoteApiTest -->
