<?xml version="1.0" encoding="UTF-8"?>
<!-- Generated by org.testng.reporters.JUnitReportReporter -->
<testsuite hostname="Nilanjana" failures="0" tests="3" name="org.example.framework.tests.ui.CreateNoteTest" time="108.600" errors="0" timestamp="2026-05-25T11:23:53 IST" skipped="0">
  <testcase classname="org.example.framework.tests.ui.CreateNoteTest" name="createNoteTest" time="35.553"/>
  <testcase classname="org.example.framework.tests.ui.CreateNoteTest" name="createNoteTest" time="21.853"/>
  <testcase classname="org.example.framework.tests.ui.CreateNoteTest" name="createNoteTest" time="51.194"/>
</testsuite> <!-- org.example.framework.tests.ui.CreateNoteTest -->
