<?xml version="1.0" encoding="UTF-8"?>
<!-- Generated by org.testng.reporters.JUnitReportReporter -->
<testsuite hostname="Nilanjana" failures="0" tests="3" name="org.example.framework.tests.ui.LoginTest" time="63.504" errors="0" timestamp="2026-05-25T11:23:53 IST" skipped="0">
  <testcase classname="org.example.framework.tests.ui.LoginTest" name="loginTest" time="11.915"/>
  <testcase classname="org.example.framework.tests.ui.LoginTest" name="loginTest" time="40.229"/>
  <testcase classname="org.example.framework.tests.ui.LoginTest" name="loginTest" time="11.360"/>
</testsuite> <!-- org.example.framework.tests.ui.LoginTest -->
