<?xml version="1.0" encoding="UTF-8"?>
<!-- Generated by org.testng.reporters.JUnitReportReporter -->
<testsuite hostname="Nilanjana" failures="0" tests="2" name="org.example.framework.tests.api.FetchNoteApiTest" time="1.618" errors="0" timestamp="2026-05-25T11:23:53 IST" skipped="0">
  <testcase classname="org.example.framework.tests.api.FetchNoteApiTest" name="fetchNoteApiTest" time="1.169"/>
  <testcase classname="org.example.framework.tests.api.FetchNoteApiTest" name="fetchNotesWithoutTokenTest" time="0.449"/>
</testsuite> <!-- org.example.framework.tests.api.FetchNoteApiTest -->
