<?xml version="1.0" encoding="UTF-8"?>
<!-- Generated by org.testng.reporters.JUnitReportReporter -->
<testsuite hostname="Nilanjana" failures="0" tests="2" name="org.example.framework.tests.api.DeleteNoteApiTest" time="2.864" errors="0" timestamp="2026-05-25T11:23:53 IST" skipped="0">
  <testcase classname="org.example.framework.tests.api.DeleteNoteApiTest" name="deleteNoteApiTest" time="1.796"/>
  <testcase classname="org.example.framework.tests.api.DeleteNoteApiTest" name="deleteNonExistentNoteTest" time="1.068"/>
</testsuite> <!-- org.example.framework.tests.api.DeleteNoteApiTest -->
