<?xml version="1.0" encoding="UTF-8"?>
<!-- Generated by org.testng.reporters.JUnitXMLReporter -->
<testsuite ignored="0" hostname="Nilanjana" failures="0" tests="6" name="API Tests" time="12.306" errors="0" timestamp="2026-05-25T11:19:41 IST">
  <testcase classname="org.example.framework.tests.api.CreateNoteApiTest" name="createNoteApiTest" time="6.52"/>
  <testcase classname="org.example.framework.tests.api.CreateNoteApiTest" name="createNoteEmptyTitleTest" time="1.059"/>
  <testcase classname="org.example.framework.tests.api.FetchNoteApiTest" name="fetchNoteApiTest" time="1.169"/>
  <testcase classname="org.example.framework.tests.api.FetchNoteApiTest" name="fetchNotesWithoutTokenTest" time="0.449"/>
  <testcase classname="org.example.framework.tests.api.DeleteNoteApiTest" name="deleteNonExistentNoteTest" time="1.068"/>
  <testcase classname="org.example.framework.tests.api.DeleteNoteApiTest" name="deleteNoteApiTest" time="1.796"/>
</testsuite> <!-- API Tests -->
