<?xml version="1.0" encoding="UTF-8"?>
<!-- Generated by org.testng.reporters.JUnitXMLReporter -->
<testsuite ignored="0" hostname="Nilanjana" failures="0" tests="8" name="UI Tests" time="264.305" errors="0" timestamp="2026-05-25T11:23:53 IST">
  <testcase classname="org.example.framework.tests.ui.LoginTest" name="loginTest" time="2.324"/>
  <testcase classname="org.example.framework.tests.ui.LoginTest" name="loginTest" time="3.197"/>
  <testcase classname="org.example.framework.tests.ui.LoginTest" name="loginTest" time="2.777"/>
  <testcase classname="org.example.framework.tests.ui.CreateNoteTest" name="createNoteTest" time="28.2"/>
  <testcase classname="org.example.framework.tests.ui.CreateNoteTest" name="createNoteTest" time="13.737"/>
  <testcase classname="org.example.framework.tests.ui.CreateNoteTest" name="createNoteTest" time="43.572"/>
  <testcase classname="org.example.framework.tests.ui.EditNoteTest" name="editExistingNoteTest" time="24.323"/>
  <testcase classname="org.example.framework.tests.ui.DeleteNoteTest" name="deleteExistingNoteTest" time="49.237"/>
</testsuite> <!-- UI Tests -->
